This file contains any messages produced by compilers while
running configure, to aid debugging if configure makes a mistake.

It was created by mtcp configure 3, which was
generated by GNU Autoconf 2.69.  Invocation command line was

  $ ./configure --with-dpdk-lib=/local/onvm/openNetVM/dpdk/x86_64-native-linuxapp-gcc CFLAGS=-DMAX_CPUS=20

## --------- ##
## Platform. ##
## --------- ##

hostname = node1.mtcpredis.gwcloudlab-pg0.wisc.cloudlab.us
uname -m = x86_64
uname -r = 3.13.0-117-generic
uname -s = Linux
uname -v = #164-Ubuntu SMP Fri Apr 7 11:05:26 UTC 2017

/usr/bin/uname -p = unknown
/bin/uname -X     = unknown

/bin/arch              = unknown
/usr/bin/arch -k       = unknown
/usr/convex/getsysinfo = unknown
/usr/bin/hostinfo      = unknown
/bin/machine           = unknown
/usr/bin/oslevel       = unknown
/bin/universe          = unknown

PATH: /usr/local/sbin
PATH: /usr/local/bin
PATH: /usr/sbin
PATH: /usr/bin
PATH: /sbin
PATH: /bin
PATH: /usr/games
PATH: /usr/local/games


## ----------- ##
## Core tests. ##
## ----------- ##

configure:2412: checking for gcc
configure:2428: found /usr/bin/gcc
configure:2439: result: gcc
configure:2668: checking for C compiler version
configure:2677: gcc --version >&5
gcc (Ubuntu 4.8.4-2ubuntu1~14.04.3) 4.8.4
Copyright (C) 2013 Free Software Foundation, Inc.
This is free software; see the source for copying conditions.  There is NO
warranty; not even for MERCHANTABILITY or FITNESS FOR A PARTICULAR PURPOSE.

configure:2688: $? = 0
configure:2677: gcc -v >&5
Using built-in specs.
COLLECT_GCC=gcc
COLLECT_LTO_WRAPPER=/usr/lib/gcc/x86_64-linux-gnu/4.8/lto-wrapper
Target: x86_64-linux-gnu
Configured with: ../src/configure -v --with-pkgversion='Ubuntu 4.8.4-2ubuntu1~14.04.3' --with-bugurl=file:///usr/share/doc/gcc-4.8/README.Bugs --enable-languages=c,c++,java,go,d,fortran,objc,obj-c++ --prefix=/usr --program-suffix=-4.8 --enable-shared --enable-linker-build-id --libexecdir=/usr/lib --without-included-gettext --enable-threads=posix --with-gxx-include-dir=/usr/include/c++/4.8 --libdir=/usr/lib --enable-nls --with-sysroot=/ --enable-clocale=gnu --enable-libstdcxx-debug --enable-libstdcxx-time=yes --enable-gnu-unique-object --disable-libmudflap --enable-plugin --with-system-zlib --disable-browser-plugin --enable-java-awt=gtk --enable-gtk-cairo --with-java-home=/usr/lib/jvm/java-1.5.0-gcj-4.8-amd64/jre --enable-java-home --with-jvm-root-dir=/usr/lib/jvm/java-1.5.0-gcj-4.8-amd64 --with-jvm-jar-dir=/usr/lib/jvm-exports/java-1.5.0-gcj-4.8-amd64 --with-arch-directory=amd64 --with-ecj-jar=/usr/share/java/eclipse-ecj.jar --enable-objc-gc --enable-multiarch --disable-werror --with-arch-32=i686 --with-abi=m64 --with-multilib-list=m32,m64,mx32 --with-tune=generic --enable-checking=release --build=x86_64-linux-gnu --host=x86_64-linux-gnu --target=x86_64-linux-gnu
Thread model: posix
gcc version 4.8.4 (Ubuntu 4.8.4-2ubuntu1~14.04.3) 
configure:2688: $? = 0
configure:2677: gcc -V >&5
gcc: error: unrecognized command line option '-V'
gcc: fatal error: no input files
compilation terminated.
configure:2688: $? = 4
configure:2677: gcc -qversion >&5
gcc: error: unrecognized command line option '-qversion'
gcc: fatal error: no input files
compilation terminated.
configure:2688: $? = 4
configure:2708: checking whether the C compiler works
configure:2730: gcc -DMAX_CPUS=20   conftest.c  >&5
configure:2734: $? = 0
configure:2782: result: yes
configure:2785: checking for C compiler default output file name
configure:2787: result: a.out
configure:2793: checking for suffix of executables
configure:2800: gcc -o conftest -DMAX_CPUS=20   conftest.c  >&5
configure:2804: $? = 0
configure:2826: result: 
configure:2848: checking whether we are cross compiling
configure:2856: gcc -o conftest -DMAX_CPUS=20   conftest.c  >&5
configure:2860: $? = 0
configure:2867: ./conftest
configure:2871: $? = 0
configure:2886: result: no
configure:2891: checking for suffix of object files
configure:2913: gcc -c -DMAX_CPUS=20  conftest.c >&5
configure:2917: $? = 0
configure:2938: result: o
configure:2942: checking whether we are using the GNU C compiler
configure:2961: gcc -c -DMAX_CPUS=20  conftest.c >&5
configure:2961: $? = 0
configure:2970: result: yes
configure:2979: checking whether gcc accepts -g
configure:2999: gcc -c -g  conftest.c >&5
configure:2999: $? = 0
configure:3040: result: yes
configure:3057: checking for gcc option to accept ISO C89
configure:3120: gcc  -c -DMAX_CPUS=20  conftest.c >&5
configure:3120: $? = 0
configure:3133: result: none needed
configure:3161: checking whether gcc understands -c and -o together
configure:3183: gcc -c conftest.c -o conftest2.o
configure:3186: $? = 0
configure:3183: gcc -c conftest.c -o conftest2.o
configure:3186: $? = 0
configure:3198: result: yes
configure:3258: checking for ranlib
configure:3274: found /usr/bin/ranlib
configure:3285: result: ranlib
configure:3323: checking how to run the C preprocessor
configure:3354: gcc -E  conftest.c
configure:3354: $? = 0
configure:3368: gcc -E  conftest.c
conftest.c:9:28: fatal error: ac_nonexistent.h: No such file or directory
 #include <ac_nonexistent.h>
                            ^
compilation terminated.
configure:3368: $? = 1
configure: failed program was:
| /* confdefs.h */
| #define PACKAGE_NAME "mtcp"
| #define PACKAGE_TARNAME "mtcp"
| #define PACKAGE_VERSION "3"
| #define PACKAGE_STRING "mtcp 3"
| #define PACKAGE_BUGREPORT "mtcp-user@list.ndsl.kaist.edu"
| #define PACKAGE_URL ""
| /* end confdefs.h.  */
| #include <ac_nonexistent.h>
configure:3393: result: gcc -E
configure:3413: gcc -E  conftest.c
configure:3413: $? = 0
configure:3427: gcc -E  conftest.c
conftest.c:9:28: fatal error: ac_nonexistent.h: No such file or directory
 #include <ac_nonexistent.h>
                            ^
compilation terminated.
configure:3427: $? = 1
configure: failed program was:
| /* confdefs.h */
| #define PACKAGE_NAME "mtcp"
| #define PACKAGE_TARNAME "mtcp"
| #define PACKAGE_VERSION "3"
| #define PACKAGE_STRING "mtcp 3"
| #define PACKAGE_BUGREPORT "mtcp-user@list.ndsl.kaist.edu"
| #define PACKAGE_URL ""
| /* end confdefs.h.  */
| #include <ac_nonexistent.h>
configure:3456: checking for grep that handles long lines and -e
configure:3514: result: /bin/grep
configure:3519: checking for egrep
configure:3581: result: /bin/grep -E
configure:3586: checking for ANSI C header files
configure:3606: gcc -c -DMAX_CPUS=20  conftest.c >&5
configure:3606: $? = 0
configure:3679: gcc -o conftest -DMAX_CPUS=20   conftest.c  >&5
configure:3679: $? = 0
configure:3679: ./conftest
configure:3679: $? = 0
configure:3690: result: yes
configure:3703: checking for sys/types.h
configure:3703: gcc -c -DMAX_CPUS=20  conftest.c >&5
configure:3703: $? = 0
configure:3703: result: yes
configure:3703: checking for sys/stat.h
configure:3703: gcc -c -DMAX_CPUS=20  conftest.c >&5
configure:3703: $? = 0
configure:3703: result: yes
configure:3703: checking for stdlib.h
configure:3703: gcc -c -DMAX_CPUS=20  conftest.c >&5
configure:3703: $? = 0
configure:3703: result: yes
configure:3703: checking for string.h
configure:3703: gcc -c -DMAX_CPUS=20  conftest.c >&5
configure:3703: $? = 0
configure:3703: result: yes
configure:3703: checking for memory.h
configure:3703: gcc -c -DMAX_CPUS=20  conftest.c >&5
configure:3703: $? = 0
configure:3703: result: yes
configure:3703: checking for strings.h
configure:3703: gcc -c -DMAX_CPUS=20  conftest.c >&5
configure:3703: $? = 0
configure:3703: result: yes
configure:3703: checking for inttypes.h
configure:3703: gcc -c -DMAX_CPUS=20  conftest.c >&5
configure:3703: $? = 0
configure:3703: result: yes
configure:3703: checking for stdint.h
configure:3703: gcc -c -DMAX_CPUS=20  conftest.c >&5
configure:3703: $? = 0
configure:3703: result: yes
configure:3703: checking for unistd.h
configure:3703: gcc -c -DMAX_CPUS=20  conftest.c >&5
configure:3703: $? = 0
configure:3703: result: yes
configure:3718: checking linux/sched.h usability
configure:3718: gcc -c -DMAX_CPUS=20  conftest.c >&5
configure:3718: $? = 0
configure:3718: result: yes
configure:3718: checking linux/sched.h presence
configure:3718: gcc -E  conftest.c
configure:3718: $? = 0
configure:3718: result: yes
configure:3718: checking for linux/sched.h
configure:3718: result: yes
configure:3718: checking pthread.h usability
configure:3718: gcc -c -DMAX_CPUS=20  conftest.c >&5
configure:3718: $? = 0
configure:3718: result: yes
configure:3718: checking pthread.h presence
configure:3718: gcc -E  conftest.c
configure:3718: $? = 0
configure:3718: result: yes
configure:3718: checking for pthread.h
configure:3718: result: yes
configure:3718: checking numa.h usability
configure:3718: gcc -c -DMAX_CPUS=20  conftest.c >&5
configure:3718: $? = 0
configure:3718: result: yes
configure:3718: checking numa.h presence
configure:3718: gcc -E  conftest.c
configure:3718: $? = 0
configure:3718: result: yes
configure:3718: checking for numa.h
configure:3718: result: yes
configure:3718: checking arpa/inet.h usability
configure:3718: gcc -c -DMAX_CPUS=20  conftest.c >&5
configure:3718: $? = 0
configure:3718: result: yes
configure:3718: checking arpa/inet.h presence
configure:3718: gcc -E  conftest.c
configure:3718: $? = 0
configure:3718: result: yes
configure:3718: checking for arpa/inet.h
configure:3718: result: yes
configure:3718: checking fcntl.h usability
configure:3718: gcc -c -DMAX_CPUS=20  conftest.c >&5
configure:3718: $? = 0
configure:3718: result: yes
configure:3718: checking fcntl.h presence
configure:3718: gcc -E  conftest.c
configure:3718: $? = 0
configure:3718: result: yes
configure:3718: checking for fcntl.h
configure:3718: result: yes
configure:3718: checking limits.h usability
configure:3718: gcc -c -DMAX_CPUS=20  conftest.c >&5
configure:3718: $? = 0
configure:3718: result: yes
configure:3718: checking limits.h presence
configure:3718: gcc -E  conftest.c
configure:3718: $? = 0
configure:3718: result: yes
configure:3718: checking for limits.h
configure:3718: result: yes
configure:3718: checking netdb.h usability
configure:3718: gcc -c -DMAX_CPUS=20  conftest.c >&5
configure:3718: $? = 0
configure:3718: result: yes
configure:3718: checking netdb.h presence
configure:3718: gcc -E  conftest.c
configure:3718: $? = 0
configure:3718: result: yes
configure:3718: checking for netdb.h
configure:3718: result: yes
configure:3718: checking netinet/in.h usability
configure:3718: gcc -c -DMAX_CPUS=20  conftest.c >&5
configure:3718: $? = 0
configure:3718: result: yes
configure:3718: checking netinet/in.h presence
configure:3718: gcc -E  conftest.c
configure:3718: $? = 0
configure:3718: result: yes
configure:3718: checking for netinet/in.h
configure:3718: result: yes
configure:3718: checking for stdint.h
configure:3718: result: yes
configure:3718: checking for stdlib.h
configure:3718: result: yes
configure:3718: checking for string.h
configure:3718: result: yes
configure:3718: checking sys/ioctl.h usability
configure:3718: gcc -c -DMAX_CPUS=20  conftest.c >&5
configure:3718: $? = 0
configure:3718: result: yes
configure:3718: checking sys/ioctl.h presence
configure:3718: gcc -E  conftest.c
configure:3718: $? = 0
configure:3718: result: yes
configure:3718: checking for sys/ioctl.h
configure:3718: result: yes
configure:3718: checking sys/socket.h usability
configure:3718: gcc -c -DMAX_CPUS=20  conftest.c >&5
configure:3718: $? = 0
configure:3718: result: yes
configure:3718: checking sys/socket.h presence
configure:3718: gcc -E  conftest.c
configure:3718: $? = 0
configure:3718: result: yes
configure:3718: checking for sys/socket.h
configure:3718: result: yes
configure:3718: checking sys/time.h usability
configure:3718: gcc -c -DMAX_CPUS=20  conftest.c >&5
configure:3718: $? = 0
configure:3718: result: yes
configure:3718: checking sys/time.h presence
configure:3718: gcc -E  conftest.c
configure:3718: $? = 0
configure:3718: result: yes
configure:3718: checking for sys/time.h
configure:3718: result: yes
configure:3718: checking for unistd.h
configure:3718: result: yes
configure:3738: checking for inline
configure:3754: gcc -c -DMAX_CPUS=20  conftest.c >&5
configure:3754: $? = 0
configure:3762: result: inline
configure:3780: checking for int16_t
configure:3780: gcc -c -DMAX_CPUS=20  conftest.c >&5
configure:3780: $? = 0
configure:3780: gcc -c -DMAX_CPUS=20  conftest.c >&5
conftest.c: In function 'main':
conftest.c:71:12: error: size of array 'test_array' is negative
 static int test_array [1 - 2 * !((int16_t) (((((int16_t) 1 << N) << N) - 1) * 2 + 1)
            ^
configure:3780: $? = 1
configure: failed program was:
| /* confdefs.h */
| #define PACKAGE_NAME "mtcp"
| #define PACKAGE_TARNAME "mtcp"
| #define PACKAGE_VERSION "3"
| #define PACKAGE_STRING "mtcp 3"
| #define PACKAGE_BUGREPORT "mtcp-user@list.ndsl.kaist.edu"
| #define PACKAGE_URL ""
| #define STDC_HEADERS 1
| #define HAVE_SYS_TYPES_H 1
| #define HAVE_SYS_STAT_H 1
| #define HAVE_STDLIB_H 1
| #define HAVE_STRING_H 1
| #define HAVE_MEMORY_H 1
| #define HAVE_STRINGS_H 1
| #define HAVE_INTTYPES_H 1
| #define HAVE_STDINT_H 1
| #define HAVE_UNISTD_H 1
| #define HAVE_LINUX_SCHED_H 1
| #define HAVE_PTHREAD_H 1
| #define HAVE_NUMA_H 1
| #define HAVE_ARPA_INET_H 1
| #define HAVE_FCNTL_H 1
| #define HAVE_LIMITS_H 1
| #define HAVE_NETDB_H 1
| #define HAVE_NETINET_IN_H 1
| #define HAVE_STDINT_H 1
| #define HAVE_STDLIB_H 1
| #define HAVE_STRING_H 1
| #define HAVE_SYS_IOCTL_H 1
| #define HAVE_SYS_SOCKET_H 1
| #define HAVE_SYS_TIME_H 1
| #define HAVE_UNISTD_H 1
| /* end confdefs.h.  */
| #include <stdio.h>
| #ifdef HAVE_SYS_TYPES_H
| # include <sys/types.h>
| #endif
| #ifdef HAVE_SYS_STAT_H
| # include <sys/stat.h>
| #endif
| #ifdef STDC_HEADERS
| # include <stdlib.h>
| # include <stddef.h>
| #else
| # ifdef HAVE_STDLIB_H
| #  include <stdlib.h>
| # endif
| #endif
| #ifdef HAVE_STRING_H
| # if !defined STDC_HEADERS && defined HAVE_MEMORY_H
| #  include <memory.h>
| # endif
| # include <string.h>
| #endif
| #ifdef HAVE_STRINGS_H
| # include <strings.h>
| #endif
| #ifdef HAVE_INTTYPES_H
| # include <inttypes.h>
| #endif
| #ifdef HAVE_STDINT_H
| # include <stdint.h>
| #endif
| #ifdef HAVE_UNISTD_H
| # include <unistd.h>
| #endif
| 	        enum { N = 16 / 2 - 1 };
| int
| main ()
| {
| static int test_array [1 - 2 * !((int16_t) (((((int16_t) 1 << N) << N) - 1) * 2 + 1)
| 		 < (int16_t) (((((int16_t) 1 << N) << N) - 1) * 2 + 2))];
| test_array [0] = 0;
| return test_array [0];
| 
|   ;
|   return 0;
| }
configure:3780: result: yes
configure:3791: checking for int32_t
configure:3791: gcc -c -DMAX_CPUS=20  conftest.c >&5
configure:3791: $? = 0
configure:3791: gcc -c -DMAX_CPUS=20  conftest.c >&5
conftest.c: In function 'main':
conftest.c:72:53: warning: integer overflow in expression [-Woverflow]
    < (int32_t) (((((int32_t) 1 << N) << N) - 1) * 2 + 2))];
                                                     ^
conftest.c:71:12: error: storage size of 'test_array' isn't constant
 static int test_array [1 - 2 * !((int32_t) (((((int32_t) 1 << N) << N) - 1) * 2 + 1)
            ^
configure:3791: $? = 1
configure: failed program was:
| /* confdefs.h */
| #define PACKAGE_NAME "mtcp"
| #define PACKAGE_TARNAME "mtcp"
| #define PACKAGE_VERSION "3"
| #define PACKAGE_STRING "mtcp 3"
| #define PACKAGE_BUGREPORT "mtcp-user@list.ndsl.kaist.edu"
| #define PACKAGE_URL ""
| #define STDC_HEADERS 1
| #define HAVE_SYS_TYPES_H 1
| #define HAVE_SYS_STAT_H 1
| #define HAVE_STDLIB_H 1
| #define HAVE_STRING_H 1
| #define HAVE_MEMORY_H 1
| #define HAVE_STRINGS_H 1
| #define HAVE_INTTYPES_H 1
| #define HAVE_STDINT_H 1
| #define HAVE_UNISTD_H 1
| #define HAVE_LINUX_SCHED_H 1
| #define HAVE_PTHREAD_H 1
| #define HAVE_NUMA_H 1
| #define HAVE_ARPA_INET_H 1
| #define HAVE_FCNTL_H 1
| #define HAVE_LIMITS_H 1
| #define HAVE_NETDB_H 1
| #define HAVE_NETINET_IN_H 1
| #define HAVE_STDINT_H 1
| #define HAVE_STDLIB_H 1
| #define HAVE_STRING_H 1
| #define HAVE_SYS_IOCTL_H 1
| #define HAVE_SYS_SOCKET_H 1
| #define HAVE_SYS_TIME_H 1
| #define HAVE_UNISTD_H 1
| /* end confdefs.h.  */
| #include <stdio.h>
| #ifdef HAVE_SYS_TYPES_H
| # include <sys/types.h>
| #endif
| #ifdef HAVE_SYS_STAT_H
| # include <sys/stat.h>
| #endif
| #ifdef STDC_HEADERS
| # include <stdlib.h>
| # include <stddef.h>
| #else
| # ifdef HAVE_STDLIB_H
| #  include <stdlib.h>
| # endif
| #endif
| #ifdef HAVE_STRING_H
| # if !defined STDC_HEADERS && defined HAVE_MEMORY_H
| #  include <memory.h>
| # endif
| # include <string.h>
| #endif
| #ifdef HAVE_STRINGS_H
| # include <strings.h>
| #endif
| #ifdef HAVE_INTTYPES_H
| # include <inttypes.h>
| #endif
| #ifdef HAVE_STDINT_H
| # include <stdint.h>
| #endif
| #ifdef HAVE_UNISTD_H
| # include <unistd.h>
| #endif
| 	        enum { N = 32 / 2 - 1 };
| int
| main ()
| {
| static int test_array [1 - 2 * !((int32_t) (((((int32_t) 1 << N) << N) - 1) * 2 + 1)
| 		 < (int32_t) (((((int32_t) 1 << N) << N) - 1) * 2 + 2))];
| test_array [0] = 0;
| return test_array [0];
| 
|   ;
|   return 0;
| }
configure:3791: result: yes
configure:3802: checking for int64_t
configure:3802: gcc -c -DMAX_CPUS=20  conftest.c >&5
configure:3802: $? = 0
configure:3802: gcc -c -DMAX_CPUS=20  conftest.c >&5
conftest.c: In function 'main':
conftest.c:72:53: warning: integer overflow in expression [-Woverflow]
    < (int64_t) (((((int64_t) 1 << N) << N) - 1) * 2 + 2))];
                                                     ^
conftest.c:71:12: error: storage size of 'test_array' isn't constant
 static int test_array [1 - 2 * !((int64_t) (((((int64_t) 1 << N) << N) - 1) * 2 + 1)
            ^
configure:3802: $? = 1
configure: failed program was:
| /* confdefs.h */
| #define PACKAGE_NAME "mtcp"
| #define PACKAGE_TARNAME "mtcp"
| #define PACKAGE_VERSION "3"
| #define PACKAGE_STRING "mtcp 3"
| #define PACKAGE_BUGREPORT "mtcp-user@list.ndsl.kaist.edu"
| #define PACKAGE_URL ""
| #define STDC_HEADERS 1
| #define HAVE_SYS_TYPES_H 1
| #define HAVE_SYS_STAT_H 1
| #define HAVE_STDLIB_H 1
| #define HAVE_STRING_H 1
| #define HAVE_MEMORY_H 1
| #define HAVE_STRINGS_H 1
| #define HAVE_INTTYPES_H 1
| #define HAVE_STDINT_H 1
| #define HAVE_UNISTD_H 1
| #define HAVE_LINUX_SCHED_H 1
| #define HAVE_PTHREAD_H 1
| #define HAVE_NUMA_H 1
| #define HAVE_ARPA_INET_H 1
| #define HAVE_FCNTL_H 1
| #define HAVE_LIMITS_H 1
| #define HAVE_NETDB_H 1
| #define HAVE_NETINET_IN_H 1
| #define HAVE_STDINT_H 1
| #define HAVE_STDLIB_H 1
| #define HAVE_STRING_H 1
| #define HAVE_SYS_IOCTL_H 1
| #define HAVE_SYS_SOCKET_H 1
| #define HAVE_SYS_TIME_H 1
| #define HAVE_UNISTD_H 1
| /* end confdefs.h.  */
| #include <stdio.h>
| #ifdef HAVE_SYS_TYPES_H
| # include <sys/types.h>
| #endif
| #ifdef HAVE_SYS_STAT_H
| # include <sys/stat.h>
| #endif
| #ifdef STDC_HEADERS
| # include <stdlib.h>
| # include <stddef.h>
| #else
| # ifdef HAVE_STDLIB_H
| #  include <stdlib.h>
| # endif
| #endif
| #ifdef HAVE_STRING_H
| # if !defined STDC_HEADERS && defined HAVE_MEMORY_H
| #  include <memory.h>
| # endif
| # include <string.h>
| #endif
| #ifdef HAVE_STRINGS_H
| # include <strings.h>
| #endif
| #ifdef HAVE_INTTYPES_H
| # include <inttypes.h>
| #endif
| #ifdef HAVE_STDINT_H
| # include <stdint.h>
| #endif
| #ifdef HAVE_UNISTD_H
| # include <unistd.h>
| #endif
| 	        enum { N = 64 / 2 - 1 };
| int
| main ()
| {
| static int test_array [1 - 2 * !((int64_t) (((((int64_t) 1 << N) << N) - 1) * 2 + 1)
| 		 < (int64_t) (((((int64_t) 1 << N) << N) - 1) * 2 + 2))];
| test_array [0] = 0;
| return test_array [0];
| 
|   ;
|   return 0;
| }
configure:3802: result: yes
configure:3813: checking for int8_t
configure:3813: gcc -c -DMAX_CPUS=20  conftest.c >&5
configure:3813: $? = 0
configure:3813: gcc -c -DMAX_CPUS=20  conftest.c >&5
conftest.c: In function 'main':
conftest.c:71:12: error: size of array 'test_array' is negative
 static int test_array [1 - 2 * !((int8_t) (((((int8_t) 1 << N) << N) - 1) * 2 + 1)
            ^
configure:3813: $? = 1
configure: failed program was:
| /* confdefs.h */
| #define PACKAGE_NAME "mtcp"
| #define PACKAGE_TARNAME "mtcp"
| #define PACKAGE_VERSION "3"
| #define PACKAGE_STRING "mtcp 3"
| #define PACKAGE_BUGREPORT "mtcp-user@list.ndsl.kaist.edu"
| #define PACKAGE_URL ""
| #define STDC_HEADERS 1
| #define HAVE_SYS_TYPES_H 1
| #define HAVE_SYS_STAT_H 1
| #define HAVE_STDLIB_H 1
| #define HAVE_STRING_H 1
| #define HAVE_MEMORY_H 1
| #define HAVE_STRINGS_H 1
| #define HAVE_INTTYPES_H 1
| #define HAVE_STDINT_H 1
| #define HAVE_UNISTD_H 1
| #define HAVE_LINUX_SCHED_H 1
| #define HAVE_PTHREAD_H 1
| #define HAVE_NUMA_H 1
| #define HAVE_ARPA_INET_H 1
| #define HAVE_FCNTL_H 1
| #define HAVE_LIMITS_H 1
| #define HAVE_NETDB_H 1
| #define HAVE_NETINET_IN_H 1
| #define HAVE_STDINT_H 1
| #define HAVE_STDLIB_H 1
| #define HAVE_STRING_H 1
| #define HAVE_SYS_IOCTL_H 1
| #define HAVE_SYS_SOCKET_H 1
| #define HAVE_SYS_TIME_H 1
| #define HAVE_UNISTD_H 1
| /* end confdefs.h.  */
| #include <stdio.h>
| #ifdef HAVE_SYS_TYPES_H
| # include <sys/types.h>
| #endif
| #ifdef HAVE_SYS_STAT_H
| # include <sys/stat.h>
| #endif
| #ifdef STDC_HEADERS
| # include <stdlib.h>
| # include <stddef.h>
| #else
| # ifdef HAVE_STDLIB_H
| #  include <stdlib.h>
| # endif
| #endif
| #ifdef HAVE_STRING_H
| # if !defined STDC_HEADERS && defined HAVE_MEMORY_H
| #  include <memory.h>
| # endif
| # include <string.h>
| #endif
| #ifdef HAVE_STRINGS_H
| # include <strings.h>
| #endif
| #ifdef HAVE_INTTYPES_H
| # include <inttypes.h>
| #endif
| #ifdef HAVE_STDINT_H
| # include <stdint.h>
| #endif
| #ifdef HAVE_UNISTD_H
| # include <unistd.h>
| #endif
| 	        enum { N = 8 / 2 - 1 };
| int
| main ()
| {
| static int test_array [1 - 2 * !((int8_t) (((((int8_t) 1 << N) << N) - 1) * 2 + 1)
| 		 < (int8_t) (((((int8_t) 1 << N) << N) - 1) * 2 + 2))];
| test_array [0] = 0;
| return test_array [0];
| 
|   ;
|   return 0;
| }
configure:3813: result: yes
configure:3824: checking for pid_t
configure:3824: gcc -c -DMAX_CPUS=20  conftest.c >&5
configure:3824: $? = 0
configure:3824: gcc -c -DMAX_CPUS=20  conftest.c >&5
conftest.c: In function 'main':
conftest.c:70:20: error: expected expression before ')' token
 if (sizeof ((pid_t)))
                    ^
configure:3824: $? = 1
configure: failed program was:
| /* confdefs.h */
| #define PACKAGE_NAME "mtcp"
| #define PACKAGE_TARNAME "mtcp"
| #define PACKAGE_VERSION "3"
| #define PACKAGE_STRING "mtcp 3"
| #define PACKAGE_BUGREPORT "mtcp-user@list.ndsl.kaist.edu"
| #define PACKAGE_URL ""
| #define STDC_HEADERS 1
| #define HAVE_SYS_TYPES_H 1
| #define HAVE_SYS_STAT_H 1
| #define HAVE_STDLIB_H 1
| #define HAVE_STRING_H 1
| #define HAVE_MEMORY_H 1
| #define HAVE_STRINGS_H 1
| #define HAVE_INTTYPES_H 1
| #define HAVE_STDINT_H 1
| #define HAVE_UNISTD_H 1
| #define HAVE_LINUX_SCHED_H 1
| #define HAVE_PTHREAD_H 1
| #define HAVE_NUMA_H 1
| #define HAVE_ARPA_INET_H 1
| #define HAVE_FCNTL_H 1
| #define HAVE_LIMITS_H 1
| #define HAVE_NETDB_H 1
| #define HAVE_NETINET_IN_H 1
| #define HAVE_STDINT_H 1
| #define HAVE_STDLIB_H 1
| #define HAVE_STRING_H 1
| #define HAVE_SYS_IOCTL_H 1
| #define HAVE_SYS_SOCKET_H 1
| #define HAVE_SYS_TIME_H 1
| #define HAVE_UNISTD_H 1
| /* end confdefs.h.  */
| #include <stdio.h>
| #ifdef HAVE_SYS_TYPES_H
| # include <sys/types.h>
| #endif
| #ifdef HAVE_SYS_STAT_H
| # include <sys/stat.h>
| #endif
| #ifdef STDC_HEADERS
| # include <stdlib.h>
| # include <stddef.h>
| #else
| # ifdef HAVE_STDLIB_H
| #  include <stdlib.h>
| # endif
| #endif
| #ifdef HAVE_STRING_H
| # if !defined STDC_HEADERS && defined HAVE_MEMORY_H
| #  include <memory.h>
| # endif
| # include <string.h>
| #endif
| #ifdef HAVE_STRINGS_H
| # include <strings.h>
| #endif
| #ifdef HAVE_INTTYPES_H
| # include <inttypes.h>
| #endif
| #ifdef HAVE_STDINT_H
| # include <stdint.h>
| #endif
| #ifdef HAVE_UNISTD_H
| # include <unistd.h>
| #endif
| int
| main ()
| {
| if (sizeof ((pid_t)))
| 	    return 0;
|   ;
|   return 0;
| }
configure:3824: result: yes
configure:3835: checking for size_t
configure:3835: gcc -c -DMAX_CPUS=20  conftest.c >&5
configure:3835: $? = 0
configure:3835: gcc -c -DMAX_CPUS=20  conftest.c >&5
conftest.c: In function 'main':
conftest.c:70:21: error: expected expression before ')' token
 if (sizeof ((size_t)))
                     ^
configure:3835: $? = 1
configure: failed program was:
| /* confdefs.h */
| #define PACKAGE_NAME "mtcp"
| #define PACKAGE_TARNAME "mtcp"
| #define PACKAGE_VERSION "3"
| #define PACKAGE_STRING "mtcp 3"
| #define PACKAGE_BUGREPORT "mtcp-user@list.ndsl.kaist.edu"
| #define PACKAGE_URL ""
| #define STDC_HEADERS 1
| #define HAVE_SYS_TYPES_H 1
| #define HAVE_SYS_STAT_H 1
| #define HAVE_STDLIB_H 1
| #define HAVE_STRING_H 1
| #define HAVE_MEMORY_H 1
| #define HAVE_STRINGS_H 1
| #define HAVE_INTTYPES_H 1
| #define HAVE_STDINT_H 1
| #define HAVE_UNISTD_H 1
| #define HAVE_LINUX_SCHED_H 1
| #define HAVE_PTHREAD_H 1
| #define HAVE_NUMA_H 1
| #define HAVE_ARPA_INET_H 1
| #define HAVE_FCNTL_H 1
| #define HAVE_LIMITS_H 1
| #define HAVE_NETDB_H 1
| #define HAVE_NETINET_IN_H 1
| #define HAVE_STDINT_H 1
| #define HAVE_STDLIB_H 1
| #define HAVE_STRING_H 1
| #define HAVE_SYS_IOCTL_H 1
| #define HAVE_SYS_SOCKET_H 1
| #define HAVE_SYS_TIME_H 1
| #define HAVE_UNISTD_H 1
| /* end confdefs.h.  */
| #include <stdio.h>
| #ifdef HAVE_SYS_TYPES_H
| # include <sys/types.h>
| #endif
| #ifdef HAVE_SYS_STAT_H
| # include <sys/stat.h>
| #endif
| #ifdef STDC_HEADERS
| # include <stdlib.h>
| # include <stddef.h>
| #else
| # ifdef HAVE_STDLIB_H
| #  include <stdlib.h>
| # endif
| #endif
| #ifdef HAVE_STRING_H
| # if !defined STDC_HEADERS && defined HAVE_MEMORY_H
| #  include <memory.h>
| # endif
| # include <string.h>
| #endif
| #ifdef HAVE_STRINGS_H
| # include <strings.h>
| #endif
| #ifdef HAVE_INTTYPES_H
| # include <inttypes.h>
| #endif
| #ifdef HAVE_STDINT_H
| # include <stdint.h>
| #endif
| #ifdef HAVE_UNISTD_H
| # include <unistd.h>
| #endif
| int
| main ()
| {
| if (sizeof ((size_t)))
| 	    return 0;
|   ;
|   return 0;
| }
configure:3835: result: yes
configure:3846: checking for ssize_t
configure:3846: gcc -c -DMAX_CPUS=20  conftest.c >&5
configure:3846: $? = 0
configure:3846: gcc -c -DMAX_CPUS=20  conftest.c >&5
conftest.c: In function 'main':
conftest.c:70:22: error: expected expression before ')' token
 if (sizeof ((ssize_t)))
                      ^
configure:3846: $? = 1
configure: failed program was:
| /* confdefs.h */
| #define PACKAGE_NAME "mtcp"
| #define PACKAGE_TARNAME "mtcp"
| #define PACKAGE_VERSION "3"
| #define PACKAGE_STRING "mtcp 3"
| #define PACKAGE_BUGREPORT "mtcp-user@list.ndsl.kaist.edu"
| #define PACKAGE_URL ""
| #define STDC_HEADERS 1
| #define HAVE_SYS_TYPES_H 1
| #define HAVE_SYS_STAT_H 1
| #define HAVE_STDLIB_H 1
| #define HAVE_STRING_H 1
| #define HAVE_MEMORY_H 1
| #define HAVE_STRINGS_H 1
| #define HAVE_INTTYPES_H 1
| #define HAVE_STDINT_H 1
| #define HAVE_UNISTD_H 1
| #define HAVE_LINUX_SCHED_H 1
| #define HAVE_PTHREAD_H 1
| #define HAVE_NUMA_H 1
| #define HAVE_ARPA_INET_H 1
| #define HAVE_FCNTL_H 1
| #define HAVE_LIMITS_H 1
| #define HAVE_NETDB_H 1
| #define HAVE_NETINET_IN_H 1
| #define HAVE_STDINT_H 1
| #define HAVE_STDLIB_H 1
| #define HAVE_STRING_H 1
| #define HAVE_SYS_IOCTL_H 1
| #define HAVE_SYS_SOCKET_H 1
| #define HAVE_SYS_TIME_H 1
| #define HAVE_UNISTD_H 1
| /* end confdefs.h.  */
| #include <stdio.h>
| #ifdef HAVE_SYS_TYPES_H
| # include <sys/types.h>
| #endif
| #ifdef HAVE_SYS_STAT_H
| # include <sys/stat.h>
| #endif
| #ifdef STDC_HEADERS
| # include <stdlib.h>
| # include <stddef.h>
| #else
| # ifdef HAVE_STDLIB_H
| #  include <stdlib.h>
| # endif
| #endif
| #ifdef HAVE_STRING_H
| # if !defined STDC_HEADERS && defined HAVE_MEMORY_H
| #  include <memory.h>
| # endif
| # include <string.h>
| #endif
| #ifdef HAVE_STRINGS_H
| # include <strings.h>
| #endif
| #ifdef HAVE_INTTYPES_H
| # include <inttypes.h>
| #endif
| #ifdef HAVE_STDINT_H
| # include <stdint.h>
| #endif
| #ifdef HAVE_UNISTD_H
| # include <unistd.h>
| #endif
| int
| main ()
| {
| if (sizeof ((ssize_t)))
| 	    return 0;
|   ;
|   return 0;
| }
configure:3846: result: yes
configure:3857: checking for uint16_t
configure:3857: gcc -c -DMAX_CPUS=20  conftest.c >&5
configure:3857: $? = 0
configure:3857: result: yes
configure:3869: checking for uint32_t
configure:3869: gcc -c -DMAX_CPUS=20  conftest.c >&5
configure:3869: $? = 0
configure:3869: result: yes
configure:3883: checking for uint64_t
configure:3883: gcc -c -DMAX_CPUS=20  conftest.c >&5
configure:3883: $? = 0
configure:3883: result: yes
configure:3897: checking for uint8_t
configure:3897: gcc -c -DMAX_CPUS=20  conftest.c >&5
configure:3897: $? = 0
configure:3897: result: yes
configure:3915: checking for stdlib.h
configure:3915: result: yes
configure:3925: checking for GNU libc compatible malloc
configure:3949: gcc -o conftest -DMAX_CPUS=20   conftest.c  >&5
configure:3949: $? = 0
configure:3949: ./conftest
configure:3949: $? = 0
configure:3959: result: yes
configure:3986: checking for stdlib.h
configure:3986: result: yes
configure:3986: checking for unistd.h
configure:3986: result: yes
configure:3986: checking for sys/param.h
configure:3986: gcc -c -DMAX_CPUS=20  conftest.c >&5
configure:3986: $? = 0
configure:3986: result: yes
configure:4006: checking for getpagesize
configure:4006: gcc -o conftest -DMAX_CPUS=20   conftest.c  >&5
configure:4006: $? = 0
configure:4006: result: yes
configure:4015: checking for working mmap
configure:4162: gcc -o conftest -DMAX_CPUS=20   conftest.c  >&5
configure:4162: $? = 0
configure:4162: ./conftest
configure:4162: $? = 0
configure:4172: result: yes
configure:4184: checking for bzero
configure:4184: gcc -o conftest -DMAX_CPUS=20   conftest.c  >&5
conftest.c:64:6: warning: conflicting types for built-in function 'bzero' [enabled by default]
 char bzero ();
      ^
configure:4184: $? = 0
configure:4184: result: yes
configure:4184: checking for clock_gettime
configure:4184: gcc -o conftest -DMAX_CPUS=20   conftest.c  >&5
configure:4184: $? = 0
configure:4184: result: yes
configure:4184: checking for getpagesize
configure:4184: result: yes
configure:4184: checking for gettimeofday
configure:4184: gcc -o conftest -DMAX_CPUS=20   conftest.c  >&5
configure:4184: $? = 0
configure:4184: result: yes
configure:4184: checking for memmove
configure:4184: gcc -o conftest -DMAX_CPUS=20   conftest.c  >&5
conftest.c:68:6: warning: conflicting types for built-in function 'memmove' [enabled by default]
 char memmove ();
      ^
configure:4184: $? = 0
configure:4184: result: yes
configure:4184: checking for memset
configure:4184: gcc -o conftest -DMAX_CPUS=20   conftest.c  >&5
conftest.c:69:6: warning: conflicting types for built-in function 'memset' [enabled by default]
 char memset ();
      ^
configure:4184: $? = 0
configure:4184: result: yes
configure:4184: checking for munmap
configure:4184: gcc -o conftest -DMAX_CPUS=20   conftest.c  >&5
configure:4184: $? = 0
configure:4184: result: yes
configure:4184: checking for select
configure:4184: gcc -o conftest -DMAX_CPUS=20   conftest.c  >&5
configure:4184: $? = 0
configure:4184: result: yes
configure:4184: checking for socket
configure:4184: gcc -o conftest -DMAX_CPUS=20   conftest.c  >&5
configure:4184: $? = 0
configure:4184: result: yes
configure:4184: checking for strchr
configure:4184: gcc -o conftest -DMAX_CPUS=20   conftest.c  >&5
conftest.c:73:6: warning: conflicting types for built-in function 'strchr' [enabled by default]
 char strchr ();
      ^
configure:4184: $? = 0
configure:4184: result: yes
configure:4184: checking for strerror
configure:4184: gcc -o conftest -DMAX_CPUS=20   conftest.c  >&5
configure:4184: $? = 0
configure:4184: result: yes
configure:4184: checking for strstr
configure:4184: gcc -o conftest -DMAX_CPUS=20   conftest.c  >&5
conftest.c:75:6: warning: conflicting types for built-in function 'strstr' [enabled by default]
 char strstr ();
      ^
configure:4184: $? = 0
configure:4184: result: yes
configure:4184: checking for strtol
configure:4184: gcc -o conftest -DMAX_CPUS=20   conftest.c  >&5
configure:4184: $? = 0
configure:4184: result: yes
configure:4356: checking for a BSD-compatible install
configure:4424: result: /usr/bin/install -c
configure:4435: checking whether build environment is sane
configure:4490: result: yes
configure:4525: WARNING: 'missing' script is too old or missing
configure:4638: checking for a thread-safe mkdir -p
configure:4677: result: /bin/mkdir -p
configure:4684: checking for gawk
configure:4714: result: no
configure:4684: checking for mawk
configure:4700: found /usr/bin/mawk
configure:4711: result: mawk
configure:4722: checking whether make sets $(MAKE)
configure:4744: result: yes
configure:4774: checking for style of include used by make
configure:4802: result: GNU
configure:4836: checking whether make supports nested variables
configure:4853: result: yes
configure:4939: checking dependency style of gcc
configure:5050: result: none
configure:5224: checking that generated files are newer than configure
configure:5230: result: done
configure:5253: creating ./config.status

## ---------------------- ##
## Running config.status. ##
## ---------------------- ##

This file was extended by mtcp config.status 3, which was
generated by GNU Autoconf 2.69.  Invocation command line was

  CONFIG_FILES    = 
  CONFIG_HEADERS  = 
  CONFIG_LINKS    = 
  CONFIG_COMMANDS = 
  $ ./config.status 

on node1.mtcpredis.gwcloudlab-pg0.wisc.cloudlab.us

config.status:900: creating Makefile
config.status:900: creating mtcp/src/Makefile
config.status:900: creating config.h
config.status:1081: config.h is unchanged
config.status:1129: executing depfiles commands
configure:6685: checking that generated files are newer than configure
configure:6691: result: done
configure:6718: creating ./config.status

## ---------------------- ##
## Running config.status. ##
## ---------------------- ##

This file was extended by mtcp config.status 3, which was
generated by GNU Autoconf 2.69.  Invocation command line was

  CONFIG_FILES    = 
  CONFIG_HEADERS  = 
  CONFIG_LINKS    = 
  CONFIG_COMMANDS = 
  $ ./config.status 

on node1.mtcpredis.gwcloudlab-pg0.wisc.cloudlab.us

config.status:901: creating Makefile
config.status:901: creating mtcp/src/Makefile
config.status:901: creating apps/example/Makefile
config.status:901: creating config.h
config.status:1082: config.h is unchanged
config.status:1130: executing depfiles commands
configure:8151: checking that generated files are newer than configure
configure:8157: result: done
configure:8188: creating ./config.status

## ---------------------- ##
## Running config.status. ##
## ---------------------- ##

This file was extended by mtcp config.status 3, which was
generated by GNU Autoconf 2.69.  Invocation command line was

  CONFIG_FILES    = 
  CONFIG_HEADERS  = 
  CONFIG_LINKS    = 
  CONFIG_COMMANDS = 
  $ ./config.status 

on node1.mtcpredis.gwcloudlab-pg0.wisc.cloudlab.us

config.status:902: creating Makefile
config.status:902: creating mtcp/src/Makefile
config.status:902: creating apps/example/Makefile
config.status:902: creating util/Makefile
config.status:902: creating config.h
config.status:1083: config.h is unchanged
config.status:1131: executing depfiles commands
configure:9622: checking that generated files are newer than configure
configure:9628: result: done
configure:9663: creating ./config.status

## ---------------------- ##
## Running config.status. ##
## ---------------------- ##

This file was extended by mtcp config.status 3, which was
generated by GNU Autoconf 2.69.  Invocation command line was

  CONFIG_FILES    = 
  CONFIG_HEADERS  = 
  CONFIG_LINKS    = 
  CONFIG_COMMANDS = 
  $ ./config.status 

on node1.mtcpredis.gwcloudlab-pg0.wisc.cloudlab.us

config.status:903: creating Makefile
config.status:903: creating mtcp/src/Makefile
config.status:903: creating apps/example/Makefile
config.status:903: creating util/Makefile
config.status:903: creating io_engine/lib/Makefile
config.status:903: creating config.h
config.status:1084: config.h is unchanged
config.status:1132: executing depfiles commands

## ---------------- ##
## Cache variables. ##
## ---------------- ##

ac_cv_c_compiler_gnu=yes
ac_cv_c_inline=inline
ac_cv_c_int16_t=yes
ac_cv_c_int32_t=yes
ac_cv_c_int64_t=yes
ac_cv_c_int8_t=yes
ac_cv_c_uint16_t=yes
ac_cv_c_uint32_t=yes
ac_cv_c_uint64_t=yes
ac_cv_c_uint8_t=yes
ac_cv_env_CC_set=
ac_cv_env_CC_value=
ac_cv_env_CFLAGS_set=set
ac_cv_env_CFLAGS_value=-DMAX_CPUS=20
ac_cv_env_CPPFLAGS_set=
ac_cv_env_CPPFLAGS_value=
ac_cv_env_CPP_set=
ac_cv_env_CPP_value=
ac_cv_env_LDFLAGS_set=
ac_cv_env_LDFLAGS_value=
ac_cv_env_LIBS_set=
ac_cv_env_LIBS_value=
ac_cv_env_build_alias_set=
ac_cv_env_build_alias_value=
ac_cv_env_host_alias_set=
ac_cv_env_host_alias_value=
ac_cv_env_target_alias_set=
ac_cv_env_target_alias_value=
ac_cv_func_bzero=yes
ac_cv_func_clock_gettime=yes
ac_cv_func_getpagesize=yes
ac_cv_func_gettimeofday=yes
ac_cv_func_malloc_0_nonnull=yes
ac_cv_func_memmove=yes
ac_cv_func_memset=yes
ac_cv_func_mmap_fixed_mapped=yes
ac_cv_func_munmap=yes
ac_cv_func_select=yes
ac_cv_func_socket=yes
ac_cv_func_strchr=yes
ac_cv_func_strerror=yes
ac_cv_func_strstr=yes
ac_cv_func_strtol=yes
ac_cv_header_arpa_inet_h=yes
ac_cv_header_fcntl_h=yes
ac_cv_header_inttypes_h=yes
ac_cv_header_limits_h=yes
ac_cv_header_linux_sched_h=yes
ac_cv_header_memory_h=yes
ac_cv_header_netdb_h=yes
ac_cv_header_netinet_in_h=yes
ac_cv_header_numa_h=yes
ac_cv_header_pthread_h=yes
ac_cv_header_stdc=yes
ac_cv_header_stdint_h=yes
ac_cv_header_stdlib_h=yes
ac_cv_header_string_h=yes
ac_cv_header_strings_h=yes
ac_cv_header_sys_ioctl_h=yes
ac_cv_header_sys_param_h=yes
ac_cv_header_sys_socket_h=yes
ac_cv_header_sys_stat_h=yes
ac_cv_header_sys_time_h=yes
ac_cv_header_sys_types_h=yes
ac_cv_header_unistd_h=yes
ac_cv_objext=o
ac_cv_path_EGREP='/bin/grep -E'
ac_cv_path_GREP=/bin/grep
ac_cv_path_install='/usr/bin/install -c'
ac_cv_path_mkdir=/bin/mkdir
ac_cv_prog_AWK=mawk
ac_cv_prog_CPP='gcc -E'
ac_cv_prog_ac_ct_CC=gcc
ac_cv_prog_ac_ct_RANLIB=ranlib
ac_cv_prog_cc_c89=
ac_cv_prog_cc_g=yes
ac_cv_prog_make_make_set=yes
ac_cv_type_pid_t=yes
ac_cv_type_size_t=yes
ac_cv_type_ssize_t=yes
am_cv_CC_dependencies_compiler_type=none
am_cv_make_support_nested_variables=yes
am_cv_prog_cc_c_o=yes

## ----------------- ##
## Output variables. ##
## ----------------- ##

ACLOCAL='aclocal-1.14'
AMDEPBACKSLASH='\'
AMDEP_FALSE='#'
AMDEP_TRUE=''
AMTAR='$${TAR-tar}'
AM_BACKSLASH='\'
AM_DEFAULT_V='$(AM_DEFAULT_VERBOSITY)'
AM_DEFAULT_VERBOSITY='1'
AM_V='$(V)'
AUTOCONF='autoconf'
AUTOHEADER='autoheader'
AUTOMAKE='automake-1.14'
AWK='mawk'
CC='gcc'
CCDEPMODE='depmode=none'
CFLAGS='-DMAX_CPUS=20'
CPP='gcc -E'
CPPFLAGS=''
CYGPATH_W='echo'
DEFS='-DHAVE_CONFIG_H'
DEPDIR='.deps'
DPDK='1'
DPDKLIBPATH='/local/onvm/openNetVM/dpdk/x86_64-native-linuxapp-gcc'
DPDK_FALSE='#'
DPDK_TRUE=''
ECHO_C=''
ECHO_N='-n'
ECHO_T=''
EGREP='/bin/grep -E'
EXEEXT=''
GREP='/bin/grep'
HWCSUM='1'
INSTALL_DATA='${INSTALL} -m 644'
INSTALL_PROGRAM='${INSTALL}'
INSTALL_SCRIPT='${INSTALL}'
INSTALL_STRIP_PROGRAM='$(install_sh) -c -s'
LDFLAGS=''
LIBOBJS=''
LIBS=''
LRO='0'
LTLIBOBJS=''
MAKEINFO='makeinfo'
MKDIR_P='/bin/mkdir -p'
NETMAP='0'
OBJEXT='o'
ONVM='0'
ONVMLIBPATH=''
PACKAGE='mtcp'
PACKAGE_BUGREPORT='mtcp-user@list.ndsl.kaist.edu'
PACKAGE_NAME='mtcp'
PACKAGE_STRING='mtcp 3'
PACKAGE_TARNAME='mtcp'
PACKAGE_URL=''
PACKAGE_VERSION='3'
PATH_SEPARATOR=':'
PSIO='0'
PSLIBPATH=''
RANLIB='ranlib'
SET_MAKE=''
SHELL='/bin/bash'
STRIP=''
VERSION='3'
ac_ct_CC='gcc'
am__EXEEXT_FALSE=''
am__EXEEXT_TRUE='#'
am__fastdepCC_FALSE=''
am__fastdepCC_TRUE='#'
am__include='include'
am__isrc=''
am__leading_dot='.'
am__nodep='_no'
am__quote=''
am__tar='$${TAR-tar} chof - "$$tardir"'
am__untar='$${TAR-tar} xf -'
bindir='${exec_prefix}/bin'
build_alias=''
datadir='${datarootdir}'
datarootdir='${prefix}/share'
docdir='${datarootdir}/doc/${PACKAGE_TARNAME}'
dvidir='${docdir}'
exec_prefix='${prefix}'
host_alias=''
htmldir='${docdir}'
includedir='${prefix}/include'
infodir='${datarootdir}/info'
install_sh='${SHELL} /users/xsy/install-sh'
libdir='${exec_prefix}/lib'
libexecdir='${exec_prefix}/libexec'
localedir='${datarootdir}/locale'
localstatedir='${prefix}/var'
mandir='${datarootdir}/man'
mkdir_p='$(MKDIR_P)'
oldincludedir='/usr/include'
pdfdir='${docdir}'
prefix='/usr/local'
program_transform_name='s,x,x,'
psdir='${docdir}'
sbindir='${exec_prefix}/sbin'
sharedstatedir='${prefix}/com'
sysconfdir='${prefix}/etc'
target_alias=''

## ----------- ##
## confdefs.h. ##
## ----------- ##

/* confdefs.h */
#define PACKAGE_NAME "mtcp"
#define PACKAGE_TARNAME "mtcp"
#define PACKAGE_VERSION "3"
#define PACKAGE_STRING "mtcp 3"
#define PACKAGE_BUGREPORT "mtcp-user@list.ndsl.kaist.edu"
#define PACKAGE_URL ""
#define STDC_HEADERS 1
#define HAVE_SYS_TYPES_H 1
#define HAVE_SYS_STAT_H 1
#define HAVE_STDLIB_H 1
#define HAVE_STRING_H 1
#define HAVE_MEMORY_H 1
#define HAVE_STRINGS_H 1
#define HAVE_INTTYPES_H 1
#define HAVE_STDINT_H 1
#define HAVE_UNISTD_H 1
#define HAVE_LINUX_SCHED_H 1
#define HAVE_PTHREAD_H 1
#define HAVE_NUMA_H 1
#define HAVE_ARPA_INET_H 1
#define HAVE_FCNTL_H 1
#define HAVE_LIMITS_H 1
#define HAVE_NETDB_H 1
#define HAVE_NETINET_IN_H 1
#define HAVE_STDINT_H 1
#define HAVE_STDLIB_H 1
#define HAVE_STRING_H 1
#define HAVE_SYS_IOCTL_H 1
#define HAVE_SYS_SOCKET_H 1
#define HAVE_SYS_TIME_H 1
#define HAVE_UNISTD_H 1
#define HAVE_STDLIB_H 1
#define HAVE_MALLOC 1
#define HAVE_STDLIB_H 1
#define HAVE_UNISTD_H 1
#define HAVE_SYS_PARAM_H 1
#define HAVE_GETPAGESIZE 1
#define HAVE_MMAP 1
#define HAVE_BZERO 1
#define HAVE_CLOCK_GETTIME 1
#define HAVE_GETPAGESIZE 1
#define HAVE_GETTIMEOFDAY 1
#define HAVE_MEMMOVE 1
#define HAVE_MEMSET 1
#define HAVE_MUNMAP 1
#define HAVE_SELECT 1
#define HAVE_SOCKET 1
#define HAVE_STRCHR 1
#define HAVE_STRERROR 1
#define HAVE_STRSTR 1
#define HAVE_STRTOL 1
#define PACKAGE "mtcp"
#define VERSION "3"

configure: exit 0
